2007.06.18 11:16 B H:\Program Files\Egg\eggdrop\doc\html\about.html --> c53752151.cable.wanadoo.nl /c:/Downloads/ArNzDown/Egg/eggdrop/doc/html about.html
2007.06.18 11:16 B H:\Program Files\Egg\eggdrop\doc\html\app-problems.html --> c53752151.cable.wanadoo.nl /c:/Downloads/ArNzDown/Egg/eggdrop/doc/html app-problems.html
2007.06.18 11:16 B H:\Program Files\Egg\eggdrop\doc\html\app-sharing.html --> c53752151.cable.wanadoo.nl /c:/Downloads/ArNzDown/Egg/eggdrop/doc/html app-sharing.html
2007.06.18 11:16 B H:\Program Files\Egg\eggdrop\doc\html\app-textsub.html --> c53752151.cable.wanadoo.nl /c:/Downloads/ArNzDown/Egg/eggdrop/doc/html app-textsub.html
2007.06.18 11:16 B H:\Program Files\Egg\eggdrop\doc\html\app-tricks.html --> c53752151.cable.wanadoo.nl /c:/Downloads/ArNzDown/Egg/eggdrop/doc/html app-tricks.html
2007.06.18 11:16 B H:\Program Files\Egg\eggdrop\doc\html\app-weird.html --> c53752151.cable.wanadoo.nl /c:/Downloads/ArNzDown/Egg/eggdrop/doc/html app-weird.html
2007.06.18 11:16 B H:\Program Files\Egg\eggdrop\doc\html\authors.html --> c53752151.cable.wanadoo.nl /c:/Downloads/ArNzDown/Egg/eggdrop/doc/html authors.html
2007.06.18 11:16 B H:\Program Files\Egg\eggdrop\doc\html\bans.html --> c53752151.cable.wanadoo.nl /c:/Downloads/ArNzDown/Egg/eggdrop/doc/html bans.html
2007.06.18 11:16 B H:\Program Files\Egg\eggdrop\doc\html\botnet.html --> c53752151.cable.wanadoo.nl /c:/Downloads/ArNzDown/Egg/eggdrop/doc/html botnet.html
2007.06.18 11:16 B H:\Program Files\Egg\eggdrop\doc\html\compiling.html --> c53752151.cable.wanadoo.nl /c:/Downloads/ArNzDown/Egg/eggdrop/doc/html compiling.html
2007.06.18 11:16 B H:\Program Files\Egg\eggdrop\doc\html\egg-core.html --> c53752151.cable.wanadoo.nl /c:/Downloads/ArNzDown/Egg/eggdrop/doc/html egg-core.html
2007.06.18 11:16 B H:\Program Files\Egg\eggdrop\doc\html\faqs.html --> c53752151.cable.wanadoo.nl /c:/Downloads/ArNzDown/Egg/eggdrop/doc/html faqs.html
2007.06.18 11:16 B H:\Program Files\Egg\eggdrop\doc\html\features.html --> c53752151.cable.wanadoo.nl /c:/Downloads/ArNzDown/Egg/eggdrop/doc/html features.html
2007.06.18 11:16 B H:\Program Files\Egg\eggdrop\doc\html\flags.html --> c53752151.cable.wanadoo.nl /c:/Downloads/ArNzDown/Egg/eggdrop/doc/html flags.html
2007.06.18 11:16 B H:\Program Files\Egg\eggdrop\doc\html\index.html --> c53752151.cable.wanadoo.nl /c:/Downloads/ArNzDown/Egg/eggdrop/doc/html index.html
2007.06.18 11:16 B H:\Program Files\Egg\eggdrop\doc\html\install.html --> c53752151.cable.wanadoo.nl /c:/Downloads/ArNzDown/Egg/eggdrop/doc/html install.html
2007.06.18 11:16 B H:\Program Files\Egg\eggdrop\doc\html\mod-assoc.html --> c53752151.cable.wanadoo.nl /c:/Downloads/ArNzDown/Egg/eggdrop/doc/html mod-assoc.html
2007.06.18 11:16 B H:\Program Files\Egg\eggdrop\doc\html\mod-blowfish.html --> c53752151.cable.wanadoo.nl /c:/Downloads/ArNzDown/Egg/eggdrop/doc/html mod-blowfish.html
2007.06.18 11:16 B H:\Program Files\Egg\eggdrop\doc\html\mod-channels.html --> c53752151.cable.wanadoo.nl /c:/Downloads/ArNzDown/Egg/eggdrop/doc/html mod-channels.html
2007.06.18 11:16 B H:\Program Files\Egg\eggdrop\doc\html\mod-compress.html --> c53752151.cable.wanadoo.nl /c:/Downloads/ArNzDown/Egg/eggdrop/doc/html mod-compress.html
2007.06.18 11:16 B H:\Program Files\Egg\eggdrop\doc\html\mod-dns.html --> c53752151.cable.wanadoo.nl /c:/Downloads/ArNzDown/Egg/eggdrop/doc/html mod-dns.html
2007.06.18 11:16 B H:\Program Files\Egg\eggdrop\doc\html\mod-filesys.html --> c53752151.cable.wanadoo.nl /c:/Downloads/ArNzDown/Egg/eggdrop/doc/html mod-filesys.html
2007.06.18 11:16 B H:\Program Files\Egg\eggdrop\doc\html\mod-irc.html --> c53752151.cable.wanadoo.nl /c:/Downloads/ArNzDown/Egg/eggdrop/doc/html mod-irc.html
2007.06.18 11:16 B H:\Program Files\Egg\eggdrop\doc\html\mod-notes.html --> c53752151.cable.wanadoo.nl /c:/Downloads/ArNzDown/Egg/eggdrop/doc/html mod-notes.html
2007.06.18 11:16 B H:\Program Files\Egg\eggdrop\doc\html\mod-server.html --> c53752151.cable.wanadoo.nl /c:/Downloads/ArNzDown/Egg/eggdrop/doc/html mod-server.html
2007.06.18 11:16 B H:\Program Files\Egg\eggdrop\doc\html\mod-share.html --> c53752151.cable.wanadoo.nl /c:/Downloads/ArNzDown/Egg/eggdrop/doc/html mod-share.html
2007.06.18 11:16 B H:\Program Files\Egg\eggdrop\doc\html\mod-wire.html --> c53752151.cable.wanadoo.nl /c:/Downloads/ArNzDown/Egg/eggdrop/doc/html mod-wire.html
2007.06.18 11:16 B H:\Program Files\Egg\eggdrop\doc\html\news.html --> c53752151.cable.wanadoo.nl /c:/Downloads/ArNzDown/Egg/eggdrop/doc/html news.html
2007.06.18 11:16 B H:\Program Files\Egg\eggdrop\doc\html\party.html --> c53752151.cable.wanadoo.nl /c:/Downloads/ArNzDown/Egg/eggdrop/doc/html party.html
2007.06.18 11:16 B H:\Program Files\Egg\eggdrop\doc\html\readme.html --> c53752151.cable.wanadoo.nl /c:/Downloads/ArNzDown/Egg/eggdrop/doc/html readme.html
2007.06.18 11:16 B H:\Program Files\Egg\eggdrop\doc\html\sharing.html --> c53752151.cable.wanadoo.nl /c:/Downloads/ArNzDown/Egg/eggdrop/doc/html sharing.html
2007.06.18 11:16 B H:\Program Files\Egg\eggdrop\doc\html\starting.html --> c53752151.cable.wanadoo.nl /c:/Downloads/ArNzDown/Egg/eggdrop/doc/html starting.html
2007.06.18 11:16 B H:\Program Files\Egg\eggdrop\doc\html\users.html --> c53752151.cable.wanadoo.nl /c:/Downloads/ArNzDown/Egg/eggdrop/doc/html users.html
