2007.06.18 11:16 B H:\Program Files\Egg\eggdrop\doc\settings\contents --> c53752151.cable.wanadoo.nl /c:/Downloads/ArNzDown/Egg/eggdrop/doc/settings contents
2007.06.18 11:16 B H:\Program Files\Egg\eggdrop\doc\settings\core.settings --> c53752151.cable.wanadoo.nl /c:/Downloads/ArNzDown/Egg/eggdrop/doc/settings core.settings
2007.06.18 11:16 B H:\Program Files\Egg\eggdrop\doc\settings\mod.assoc --> c53752151.cable.wanadoo.nl /c:/Downloads/ArNzDown/Egg/eggdrop/doc/settings mod.assoc
2007.06.18 11:16 B H:\Program Files\Egg\eggdrop\doc\settings\mod.blowfish --> c53752151.cable.wanadoo.nl /c:/Downloads/ArNzDown/Egg/eggdrop/doc/settings mod.blowfish
2007.06.18 11:16 B H:\Program Files\Egg\eggdrop\doc\settings\mod.channel --> c53752151.cable.wanadoo.nl /c:/Downloads/ArNzDown/Egg/eggdrop/doc/settings mod.channel
2007.06.18 11:16 B H:\Program Files\Egg\eggdrop\doc\settings\mod.compress --> c53752151.cable.wanadoo.nl /c:/Downloads/ArNzDown/Egg/eggdrop/doc/settings mod.compress
2007.06.18 11:16 B H:\Program Files\Egg\eggdrop\doc\settings\mod.console --> c53752151.cable.wanadoo.nl /c:/Downloads/ArNzDown/Egg/eggdrop/doc/settings mod.console
2007.06.18 11:16 B H:\Program Files\Egg\eggdrop\doc\settings\mod.ctcp --> c53752151.cable.wanadoo.nl /c:/Downloads/ArNzDown/Egg/eggdrop/doc/settings mod.ctcp
2007.06.18 11:16 B H:\Program Files\Egg\eggdrop\doc\settings\mod.dns --> c53752151.cable.wanadoo.nl /c:/Downloads/ArNzDown/Egg/eggdrop/doc/settings mod.dns
2007.06.18 11:16 B H:\Program Files\Egg\eggdrop\doc\settings\mod.filesys --> c53752151.cable.wanadoo.nl /c:/Downloads/ArNzDown/Egg/eggdrop/doc/settings mod.filesys
2007.06.18 11:16 B H:\Program Files\Egg\eggdrop\doc\settings\mod.irc --> c53752151.cable.wanadoo.nl /c:/Downloads/ArNzDown/Egg/eggdrop/doc/settings mod.irc
2007.06.18 11:16 B H:\Program Files\Egg\eggdrop\doc\settings\mod.notes --> c53752151.cable.wanadoo.nl /c:/Downloads/ArNzDown/Egg/eggdrop/doc/settings mod.notes
2007.06.18 11:16 B H:\Program Files\Egg\eggdrop\doc\settings\mod.seen --> c53752151.cable.wanadoo.nl /c:/Downloads/ArNzDown/Egg/eggdrop/doc/settings mod.seen
2007.06.18 11:16 B H:\Program Files\Egg\eggdrop\doc\settings\mod.server --> c53752151.cable.wanadoo.nl /c:/Downloads/ArNzDown/Egg/eggdrop/doc/settings mod.server
2007.06.18 11:16 B H:\Program Files\Egg\eggdrop\doc\settings\mod.share --> c53752151.cable.wanadoo.nl /c:/Downloads/ArNzDown/Egg/eggdrop/doc/settings mod.share
2007.06.18 11:16 B H:\Program Files\Egg\eggdrop\doc\settings\mod.transfer --> c53752151.cable.wanadoo.nl /c:/Downloads/ArNzDown/Egg/eggdrop/doc/settings mod.transfer
2007.06.18 11:16 B H:\Program Files\Egg\eggdrop\doc\settings\mod.uptime --> c53752151.cable.wanadoo.nl /c:/Downloads/ArNzDown/Egg/eggdrop/doc/settings mod.uptime
2007.06.18 11:17 B H:\Program Files\Egg\eggdrop\doc\settings\mod.wire --> c53752151.cable.wanadoo.nl /c:/Downloads/ArNzDown/Egg/eggdrop/doc/settings mod.wire
2007.06.18 11:17 B H:\Program Files\Egg\eggdrop\doc\settings\mod.woobie --> c53752151.cable.wanadoo.nl /c:/Downloads/ArNzDown/Egg/eggdrop/doc/settings mod.woobie
2007.06.18 11:17 B H:\Program Files\Egg\eggdrop\doc\settings\tricks --> c53752151.cable.wanadoo.nl /c:/Downloads/ArNzDown/Egg/eggdrop/doc/settings tricks
